# JRE version: Java(TM) SE Runtime Environment 18.9 (11.0.16+11) (build 11.0.16+11-LTS-199)
# Java VM: Java HotSpot(TM) 64-Bit Server VM 18.9 (11.0.16+11-LTS-199, mixed mode, tiered, compressed oops, g1 gc, windows-amd64)
Heap:
 garbage-first heap   total 119808K, used 15566K [0x00000000c1600000, 0x0000000100000000)
  region size 1024K, 4 young (4096K), 4 survivors (4096K)
 Metaspace       used 34649K, capacity 35727K, committed 35888K, reserved 1081344K
  class space    used 4158K, capacity 4629K, committed 4736K, reserved 1048576K
GC Heap History (10 events):
Event: 2.763 GC heap after
{Heap after GC invocations=5 (full 0):
 garbage-first heap   total 65536K, used 10223K [0x00000000c1600000, 0x0000000100000000)
  region size 1024K, 3 young (3072K), 3 survivors (3072K)
 Metaspace       used 20472K, capacity 21145K, committed 21296K, reserved 1069056K
  class space    used 2301K, capacity 2584K, committed 2688K, reserved 1048576K
}
Event: 3.287 GC heap before
{Heap before GC invocations=6 (full 0):
 garbage-first heap   total 65536K, used 34799K [0x00000000c1600000, 0x0000000100000000)
  region size 1024K, 27 young (27648K), 3 survivors (3072K)
 Metaspace       used 24827K, capacity 25643K, committed 25904K, reserved 1073152K
  class space    used 2850K, capacity 3194K, committed 3200K, reserved 1048576K
}
Event: 3.357 GC heap after
{Heap after GC invocations=7 (full 0):
 garbage-first heap   total 78848K, used 10993K [0x00000000c1600000, 0x0000000100000000)
  region size 1024K, 3 young (3072K), 3 survivors (3072K)
 Metaspace       used 24827K, capacity 25643K, committed 25904K, reserved 1073152K
  class space    used 2850K, capacity 3194K, committed 3200K, reserved 1048576K
}
Event: 3.906 GC heap before
{Heap before GC invocations=7 (full 0):
 garbage-first heap   total 78848K, used 39665K [0x00000000c1600000, 0x0000000100000000)
  region size 1024K, 32 young (32768K), 3 survivors (3072K)
 Metaspace       used 28648K, capacity 29557K, committed 29872K, reserved 1075200K
  class space    used 3348K, capacity 3736K, committed 3840K, reserved 1048576K
}
Event: 3.913 GC heap after
{Heap after GC invocations=8 (full 0):
 garbage-first heap   total 78848K, used 12416K [0x00000000c1600000, 0x0000000100000000)
  region size 1024K, 3 young (3072K), 3 survivors (3072K)
 Metaspace       used 28648K, capacity 29557K, committed 29872K, reserved 1075200K
  class space    used 3348K, capacity 3736K, committed 3840K, reserved 1048576K
}
Event: 4.626 GC heap before
{Heap before GC invocations=8 (full 0):
 garbage-first heap   total 78848K, used 46208K [0x00000000c1600000, 0x0000000100000000)
  region size 1024K, 37 young (37888K), 3 survivors (3072K)
 Metaspace       used 30858K, capacity 31830K, committed 31920K, reserved 1077248K
  class space    used 3612K, capacity 4015K, committed 4096K, reserved 1048576K
}
Event: 4.634 GC heap after
{Heap after GC invocations=9 (full 0):
 garbage-first heap   total 78848K, used 13608K [0x00000000c1600000, 0x0000000100000000)
  region size 1024K, 4 young (4096K), 4 survivors (4096K)
 Metaspace       used 30858K, capacity 31830K, committed 31920K, reserved 1077248K
  class space    used 3612K, capacity 4015K, committed 4096K, reserved 1048576K
}
Event: 5.428 GC heap before
{Heap before GC invocations=9 (full 0):
 garbage-first heap   total 78848K, used 49448K [0x00000000c1600000, 0x0000000100000000)
  region size 1024K, 39 young (39936K), 4 survivors (4096K)
 Metaspace       used 33961K, capacity 34998K, committed 35120K, reserved 1079296K
  class space    used 4037K, capacity 4467K, committed 4480K, reserved 1048576K
}
Event: 5.441 GC heap after
{Heap after GC invocations=10 (full 0):
 garbage-first heap   total 78848K, used 14850K [0x00000000c1600000, 0x0000000100000000)
  region size 1024K, 4 young (4096K), 4 survivors (4096K)
 Metaspace       used 33961K, capacity 34998K, committed 35120K, reserved 1079296K
  class space    used 4037K, capacity 4467K, committed 4480K, reserved 1048576K
}
Event: 5.620 GC heap before
{Heap before GC invocations=10 (full 0):
 garbage-first heap   total 78848K, used 25090K [0x00000000c1600000, 0x0000000100000000)
  region size 1024K, 15 young (15360K), 4 survivors (4096K)
 Metaspace       used 34649K, capacity 35727K, committed 35888K, reserved 1081344K
  class space    used 4158K, capacity 4629K, committed 4736K, reserved 1048576K
}

