# JRE version: Java(TM) SE Runtime Environment 18.9 (11.0.16+11) (build 11.0.16+11-LTS-199)
# Java VM: Java HotSpot(TM) 64-Bit Server VM 18.9 (11.0.16+11-LTS-199, mixed mode, tiered, compressed oops, g1 gc, windows-amd64)
Heap:
 garbage-first heap   total 133120K, used 26704K [0x00000000c1600000, 0x0000000100000000)
  region size 1024K, 6 young (6144K), 6 survivors (6144K)
 Metaspace       used 61716K, capacity 63460K, committed 63644K, reserved 1103872K
  class space    used 8010K, capacity 8719K, committed 8780K, reserved 1048576K
GC Heap History (10 events):
Event: 7.286 GC heap after
{Heap after GC invocations=12 (full 0):
 garbage-first heap   total 110592K, used 17146K [0x00000000c1600000, 0x0000000100000000)
  region size 1024K, 5 young (5120K), 5 survivors (5120K)
 Metaspace       used 38260K, capacity 39449K, committed 39580K, reserved 1083392K
  class space    used 4634K, capacity 5164K, committed 5196K, reserved 1048576K
}
Event: 9.002 GC heap before
{Heap before GC invocations=12 (full 0):
 garbage-first heap   total 110592K, used 71418K [0x00000000c1600000, 0x0000000100000000)
  region size 1024K, 58 young (59392K), 5 survivors (5120K)
 Metaspace       used 45282K, capacity 46583K, committed 46876K, reserved 1089536K
  class space    used 5667K, capacity 6230K, committed 6348K, reserved 1048576K
}
Event: 9.014 GC heap after
{Heap after GC invocations=13 (full 0):
 garbage-first heap   total 110592K, used 19875K [0x00000000c1600000, 0x0000000100000000)
  region size 1024K, 6 young (6144K), 6 survivors (6144K)
 Metaspace       used 45282K, capacity 46583K, committed 46876K, reserved 1089536K
  class space    used 5667K, capacity 6230K, committed 6348K, reserved 1048576K
}
Event: 9.923 GC heap before
{Heap before GC invocations=13 (full 0):
 garbage-first heap   total 110592K, used 77219K [0x00000000c1600000, 0x0000000100000000)
  region size 1024K, 62 young (63488K), 6 survivors (6144K)
 Metaspace       used 51443K, capacity 52807K, committed 53148K, reserved 1095680K
  class space    used 6562K, capacity 7130K, committed 7244K, reserved 1048576K
}
Event: 9.944 GC heap after
{Heap after GC invocations=14 (full 0):
 garbage-first heap   total 110592K, used 20988K [0x00000000c1600000, 0x0000000100000000)
  region size 1024K, 6 young (6144K), 6 survivors (6144K)
 Metaspace       used 51443K, capacity 52807K, committed 53148K, reserved 1095680K
  class space    used 6562K, capacity 7130K, committed 7244K, reserved 1048576K
}
Event: 11.143 GC heap before
{Heap before GC invocations=14 (full 0):
 garbage-first heap   total 110592K, used 80380K [0x00000000c1600000, 0x0000000100000000)
  region size 1024K, 64 young (65536K), 6 survivors (6144K)
 Metaspace       used 55983K, capacity 57439K, committed 57628K, reserved 1099776K
  class space    used 7179K, capacity 7777K, committed 7884K, reserved 1048576K
}
Event: 11.165 GC heap after
{Heap after GC invocations=15 (full 0):
 garbage-first heap   total 110592K, used 23612K [0x00000000c1600000, 0x0000000100000000)
  region size 1024K, 7 young (7168K), 7 survivors (7168K)
 Metaspace       used 55983K, capacity 57439K, committed 57628K, reserved 1099776K
  class space    used 7179K, capacity 7777K, committed 7884K, reserved 1048576K
}
Event: 11.851 GC heap before
{Heap before GC invocations=15 (full 0):
 garbage-first heap   total 110592K, used 55356K [0x00000000c1600000, 0x0000000100000000)
  region size 1024K, 39 young (39936K), 7 survivors (7168K)
 Metaspace       used 58631K, capacity 60262K, committed 60316K, reserved 1101824K
  class space    used 7553K, capacity 8229K, committed 8268K, reserved 1048576K
}
Event: 11.872 GC heap after
{Heap after GC invocations=16 (full 0):
 garbage-first heap   total 110592K, used 24616K [0x00000000c1600000, 0x0000000100000000)
  region size 1024K, 5 young (5120K), 5 survivors (5120K)
 Metaspace       used 58631K, capacity 60262K, committed 60316K, reserved 1101824K
  class space    used 7553K, capacity 8229K, committed 8268K, reserved 1048576K
}
Event: 12.848 GC heap before
{Heap before GC invocations=17 (full 0):
 garbage-first heap   total 110592K, used 84008K [0x00000000c1600000, 0x0000000100000000)
  region size 1024K, 63 young (64512K), 5 survivors (5120K)
 Metaspace       used 61716K, capacity 63460K, committed 63644K, reserved 1103872K
  class space    used 8010K, capacity 8719K, committed 8780K, reserved 1048576K
}

