# JRE version: Java(TM) SE Runtime Environment 18.9 (11.0.16+11) (build 11.0.16+11-LTS-199)
# Java VM: Java HotSpot(TM) 64-Bit Server VM 18.9 (11.0.16+11-LTS-199, mixed mode, tiered, compressed oops, g1 gc, windows-amd64)
Heap:
 garbage-first heap   total 100352K, used 15743K [0x00000000c1600000, 0x0000000100000000)
  region size 1024K, 4 young (4096K), 4 survivors (4096K)
 Metaspace       used 34864K, capacity 35865K, committed 35920K, reserved 1081344K
  class space    used 4169K, capacity 4605K, committed 4608K, reserved 1048576K
GC Heap History (10 events):
Event: 2.899 GC heap after
{Heap after GC invocations=5 (full 0):
 garbage-first heap   total 65536K, used 10383K [0x00000000c1600000, 0x0000000100000000)
  region size 1024K, 3 young (3072K), 3 survivors (3072K)
 Metaspace       used 20454K, capacity 21128K, committed 21296K, reserved 1069056K
  class space    used 2291K, capacity 2575K, committed 2688K, reserved 1048576K
}
Event: 3.396 GC heap before
{Heap before GC invocations=6 (full 0):
 garbage-first heap   total 65536K, used 32911K [0x00000000c1600000, 0x0000000100000000)
  region size 1024K, 26 young (26624K), 3 survivors (3072K)
 Metaspace       used 24259K, capacity 25040K, committed 25136K, reserved 1071104K
  class space    used 2788K, capacity 3120K, committed 3200K, reserved 1048576K
}
Event: 3.433 GC heap after
{Heap after GC invocations=7 (full 0):
 garbage-first heap   total 78848K, used 10977K [0x00000000c1600000, 0x0000000100000000)
  region size 1024K, 3 young (3072K), 3 survivors (3072K)
 Metaspace       used 24259K, capacity 25040K, committed 25136K, reserved 1071104K
  class space    used 2788K, capacity 3120K, committed 3200K, reserved 1048576K
}
Event: 3.827 GC heap before
{Heap before GC invocations=7 (full 0):
 garbage-first heap   total 78848K, used 39649K [0x00000000c1600000, 0x0000000100000000)
  region size 1024K, 31 young (31744K), 3 survivors (3072K)
 Metaspace       used 27881K, capacity 28765K, committed 28976K, reserved 1075200K
  class space    used 3247K, capacity 3620K, committed 3712K, reserved 1048576K
}
Event: 3.833 GC heap after
{Heap after GC invocations=8 (full 0):
 garbage-first heap   total 78848K, used 11869K [0x00000000c1600000, 0x0000000100000000)
  region size 1024K, 3 young (3072K), 3 survivors (3072K)
 Metaspace       used 27881K, capacity 28765K, committed 28976K, reserved 1075200K
  class space    used 3247K, capacity 3620K, committed 3712K, reserved 1048576K
}
Event: 4.606 GC heap before
{Heap before GC invocations=8 (full 0):
 garbage-first heap   total 78848K, used 46685K [0x00000000c1600000, 0x0000000100000000)
  region size 1024K, 37 young (37888K), 3 survivors (3072K)
 Metaspace       used 29800K, capacity 30678K, committed 31024K, reserved 1077248K
  class space    used 3470K, capacity 3869K, committed 3968K, reserved 1048576K
}
Event: 4.618 GC heap after
{Heap after GC invocations=9 (full 0):
 garbage-first heap   total 78848K, used 13622K [0x00000000c1600000, 0x0000000100000000)
  region size 1024K, 4 young (4096K), 4 survivors (4096K)
 Metaspace       used 29800K, capacity 30678K, committed 31024K, reserved 1077248K
  class space    used 3470K, capacity 3869K, committed 3968K, reserved 1048576K
}
Event: 5.602 GC heap before
{Heap before GC invocations=9 (full 0):
 garbage-first heap   total 78848K, used 52534K [0x00000000c1600000, 0x0000000100000000)
  region size 1024K, 42 young (43008K), 4 survivors (4096K)
 Metaspace       used 33532K, capacity 34596K, committed 34864K, reserved 1079296K
  class space    used 3972K, capacity 4405K, committed 4480K, reserved 1048576K
}
Event: 5.611 GC heap after
{Heap after GC invocations=10 (full 0):
 garbage-first heap   total 78848K, used 14641K [0x00000000c1600000, 0x0000000100000000)
  region size 1024K, 4 young (4096K), 4 survivors (4096K)
 Metaspace       used 33532K, capacity 34596K, committed 34864K, reserved 1079296K
  class space    used 3972K, capacity 4405K, committed 4480K, reserved 1048576K
}
Event: 5.990 GC heap before
{Heap before GC invocations=10 (full 0):
 garbage-first heap   total 78848K, used 32049K [0x00000000c1600000, 0x0000000100000000)
  region size 1024K, 22 young (22528K), 4 survivors (4096K)
 Metaspace       used 34864K, capacity 35865K, committed 35920K, reserved 1081344K
  class space    used 4169K, capacity 4605K, committed 4608K, reserved 1048576K
}

