# JRE version: Java(TM) SE Runtime Environment 18.9 (11.0.16+11) (build 11.0.16+11-LTS-199)
# Java VM: Java HotSpot(TM) 64-Bit Server VM 18.9 (11.0.16+11-LTS-199, mixed mode, tiered, compressed oops, g1 gc, windows-amd64)
Heap:
 garbage-first heap   total 95232K, used 20710K [0x00000000c1600000, 0x0000000100000000)
  region size 1024K, 10 young (10240K), 4 survivors (4096K)
 Metaspace       used 35271K, capacity 36445K, committed 36636K, reserved 1081344K
  class space    used 4256K, capacity 4739K, committed 4812K, reserved 1048576K
GC Heap History (10 events):
Event: 3.761 GC heap before
{Heap before GC invocations=6 (full 0):
 garbage-first heap   total 78848K, used 38947K [0x00000000c1600000, 0x0000000100000000)
  region size 1024K, 31 young (31744K), 3 survivors (3072K)
 Metaspace       used 25363K, capacity 26168K, committed 26288K, reserved 1073152K
  class space    used 2913K, capacity 3261K, committed 3328K, reserved 1048576K
}
Event: 3.768 GC heap after
{Heap after GC invocations=7 (full 0):
 garbage-first heap   total 78848K, used 11275K [0x00000000c1600000, 0x0000000100000000)
  region size 1024K, 3 young (3072K), 3 survivors (3072K)
 Metaspace       used 25363K, capacity 26168K, committed 26288K, reserved 1073152K
  class space    used 2913K, capacity 3261K, committed 3328K, reserved 1048576K
}
Event: 4.158 GC heap before
{Heap before GC invocations=7 (full 0):
 garbage-first heap   total 78848K, used 43019K [0x00000000c1600000, 0x0000000100000000)
  region size 1024K, 34 young (34816K), 3 survivors (3072K)
 Metaspace       used 28523K, capacity 29438K, committed 29488K, reserved 1075200K
  class space    used 3314K, capacity 3694K, committed 3712K, reserved 1048576K
}
Event: 4.165 GC heap after
{Heap after GC invocations=8 (full 0):
 garbage-first heap   total 78848K, used 12283K [0x00000000c1600000, 0x0000000100000000)
  region size 1024K, 4 young (4096K), 4 survivors (4096K)
 Metaspace       used 28523K, capacity 29438K, committed 29488K, reserved 1075200K
  class space    used 3314K, capacity 3694K, committed 3712K, reserved 1048576K
}
Event: 4.893 GC heap before
{Heap before GC invocations=8 (full 0):
 garbage-first heap   total 78848K, used 46075K [0x00000000c1600000, 0x0000000100000000)
  region size 1024K, 37 young (37888K), 4 survivors (4096K)
 Metaspace       used 30506K, capacity 31444K, committed 31664K, reserved 1077248K
  class space    used 3565K, capacity 3972K, committed 4096K, reserved 1048576K
}
Event: 4.906 GC heap after
{Heap after GC invocations=9 (full 0):
 garbage-first heap   total 78848K, used 13232K [0x00000000c1600000, 0x0000000100000000)
  region size 1024K, 4 young (4096K), 4 survivors (4096K)
 Metaspace       used 30506K, capacity 31444K, committed 31664K, reserved 1077248K
  class space    used 3565K, capacity 3972K, committed 4096K, reserved 1048576K
}
Event: 5.886 GC heap before
{Heap before GC invocations=9 (full 0):
 garbage-first heap   total 78848K, used 50096K [0x00000000c1600000, 0x0000000100000000)
  region size 1024K, 40 young (40960K), 4 survivors (4096K)
 Metaspace       used 34124K, capacity 35162K, committed 35504K, reserved 1081344K
  class space    used 4062K, capacity 4520K, committed 4608K, reserved 1048576K
}
Event: 5.902 GC heap after
{Heap after GC invocations=10 (full 0):
 garbage-first heap   total 78848K, used 14949K [0x00000000c1600000, 0x0000000100000000)
  region size 1024K, 4 young (4096K), 4 survivors (4096K)
 Metaspace       used 34124K, capacity 35162K, committed 35504K, reserved 1081344K
  class space    used 4062K, capacity 4520K, committed 4608K, reserved 1048576K
}
Event: 6.152 GC heap before
{Heap before GC invocations=10 (full 0):
 garbage-first heap   total 78848K, used 28261K [0x00000000c1600000, 0x0000000100000000)
  region size 1024K, 18 young (18432K), 4 survivors (4096K)
 Metaspace       used 34860K, capacity 35867K, committed 35920K, reserved 1081344K
  class space    used 4165K, capacity 4605K, committed 4608K, reserved 1048576K
}
Event: 6.164 GC heap after
{Heap after GC invocations=11 (full 0):
 garbage-first heap   total 95232K, used 15590K [0x00000000c1600000, 0x0000000100000000)
  region size 1024K, 4 young (4096K), 4 survivors (4096K)
 Metaspace       used 34860K, capacity 35867K, committed 35920K, reserved 1081344K
  class space    used 4165K, capacity 4605K, committed 4608K, reserved 1048576K
}

